2026-05-29T17:36:20.204Z [error] Redis client error Socket closed unexpectedly {"service":"back-end"}
2026-05-29T17:36:20.226Z [error] Redis client error Socket closed unexpectedly {"service":"back-end"}
2026-05-29T17:36:20.390Z [error] Queue Redis error write ECONNABORTED {"service":"back-end"}
2026-05-29T17:36:20.491Z [error] Redis client error Socket closed unexpectedly {"service":"back-end"}
2026-05-29T17:36:20.724Z [error] Redis client error Socket closed unexpectedly {"service":"back-end"}
2026-05-29T17:36:25.080Z [error] Redis client error Socket closed unexpectedly {"service":"back-end"}
2026-05-29T17:36:25.082Z [error] Queue Redis error read ECONNRESET {"service":"back-end"}
2026-05-29T17:36:25.493Z [error] Queue Redis error {"service":"back-end"}
2026-05-29T17:36:25.589Z [error] Redis client error {"service":"back-end"}
2026-05-29T17:36:25.962Z [error] Queue Redis error {"service":"back-end"}
2026-05-29T17:36:26.475Z [error] Queue Redis error {"service":"back-end"}
2026-05-29T17:36:26.553Z [error] Redis client error {"service":"back-end"}
2026-05-29T17:36:27.038Z [error] Queue Redis error {"service":"back-end"}
2026-05-29T17:36:27.644Z [error] Queue Redis error {"service":"back-end"}
2026-05-29T17:36:28.301Z [error] Queue Redis error {"service":"back-end"}
2026-05-29T17:36:28.330Z [error] Redis client error {"service":"back-end"}
2026-05-29T17:36:29.014Z [error] Queue Redis error {"service":"back-end"}
2026-05-29T17:36:29.777Z [error] Queue Redis error {"service":"back-end"}
2026-06-01T15:43:00.636Z [error] Error fetching products Operation `products.aggregate()` buffering timed out after 10000ms {"service":"back-end"}
MongooseError: Operation `products.aggregate()` buffering timed out after 10000ms
    at Timeout.<anonymous> (D:\Project\Nhom1_KienTrucVaThietKePhanMem_DHKTPM18A-main\back-end\node_modules\mongoose\lib\drivers\node-mongodb-native\collection.js:187:23)
    at listOnTimeout (node:internal/timers:605:17)
    at process.processTimers (node:internal/timers:541:7)
2026-06-01T15:43:00.638Z [error] Error fetching sale products Operation `products.aggregate()` buffering timed out after 10000ms {"service":"back-end"}
MongooseError: Operation `products.aggregate()` buffering timed out after 10000ms
    at Timeout.<anonymous> (D:\Project\Nhom1_KienTrucVaThietKePhanMem_DHKTPM18A-main\back-end\node_modules\mongoose\lib\drivers\node-mongodb-native\collection.js:187:23)
    at listOnTimeout (node:internal/timers:605:17)
    at process.processTimers (node:internal/timers:541:7)
2026-06-01T15:43:01.368Z [error] Error fetching products Operation `products.aggregate()` buffering timed out after 10000ms {"service":"back-end"}
MongooseError: Operation `products.aggregate()` buffering timed out after 10000ms
    at Timeout.<anonymous> (D:\Project\Nhom1_KienTrucVaThietKePhanMem_DHKTPM18A-main\back-end\node_modules\mongoose\lib\drivers\node-mongodb-native\collection.js:187:23)
    at listOnTimeout (node:internal/timers:605:17)
    at process.processTimers (node:internal/timers:541:7)
2026-06-01T15:43:01.384Z [error] Error fetching sale products Operation `products.aggregate()` buffering timed out after 10000ms {"service":"back-end"}
MongooseError: Operation `products.aggregate()` buffering timed out after 10000ms
    at Timeout.<anonymous> (D:\Project\Nhom1_KienTrucVaThietKePhanMem_DHKTPM18A-main\back-end\node_modules\mongoose\lib\drivers\node-mongodb-native\collection.js:187:23)
    at listOnTimeout (node:internal/timers:605:17)
    at process.processTimers (node:internal/timers:541:7)
2026-06-01T15:51:55.205Z [error] Error fetching products Operation `products.aggregate()` buffering timed out after 10000ms {"service":"back-end"}
MongooseError: Operation `products.aggregate()` buffering timed out after 10000ms
    at Timeout.<anonymous> (D:\Project\Nhom1_KienTrucVaThietKePhanMem_DHKTPM18A-main\back-end\node_modules\mongoose\lib\drivers\node-mongodb-native\collection.js:187:23)
    at listOnTimeout (node:internal/timers:605:17)
    at process.processTimers (node:internal/timers:541:7)
2026-06-01T15:51:55.217Z [error] Error fetching sale products Operation `products.aggregate()` buffering timed out after 10000ms {"service":"back-end"}
MongooseError: Operation `products.aggregate()` buffering timed out after 10000ms
    at Timeout.<anonymous> (D:\Project\Nhom1_KienTrucVaThietKePhanMem_DHKTPM18A-main\back-end\node_modules\mongoose\lib\drivers\node-mongodb-native\collection.js:187:23)
    at listOnTimeout (node:internal/timers:605:17)
    at process.processTimers (node:internal/timers:541:7)
